<?xml version="1.0" encoding="UTF-8"?>
<testsuite name="ro.RangeTest" tests="1" skipped="0" failures="0" errors="0" timestamp="2015-03-25T05:06:11" hostname="zhy" time="0.668">
  <properties/>
  <testcase name="testForEach" classname="ro.RangeTest" time="0.668"/>
  <system-out><![CDATA[]]></system-out>
  <system-err><![CDATA[]]></system-err>
</testsuite>
