<?xml version="1.0" encoding="UTF-8"?>
<testsuite name="ro.ThrTest" tests="1" skipped="0" failures="0" errors="0" timestamp="2015-03-25T05:06:13" hostname="zhy" time="0.005">
  <properties/>
  <testcase name="testKill" classname="ro.ThrTest" time="0.005"/>
  <system-out><![CDATA[]]></system-out>
  <system-err><![CDATA[]]></system-err>
</testsuite>
