<?xml version="1.0" encoding="UTF-8"?>
<testsuite name="ro.UtilTest" tests="1" skipped="0" failures="0" errors="0" timestamp="2015-03-25T05:06:31" hostname="zhy" time="0.891">
  <properties/>
  <testcase name="testToClip" classname="ro.UtilTest" time="0.891"/>
  <system-out><![CDATA[]]></system-out>
  <system-err><![CDATA[]]></system-err>
</testsuite>
