<?xml version="1.0" encoding="UTF-8"?>
<testsuite name="ro.JsonTest" tests="1" skipped="0" failures="0" errors="0" timestamp="2015-03-25T05:06:10" hostname="zhy" time="0.278">
  <properties/>
  <testcase name="testSerializeAndDeserialize" classname="ro.JsonTest" time="0.278"/>
  <system-out><![CDATA[]]></system-out>
  <system-err><![CDATA[]]></system-err>
</testsuite>
